[35m[1mConsolidate compiler generated dependencies of target realsense_imu_test[0m
[ 16%] Built target guidemono
[ 50%] Built target realsense_imu_test
[ 50%] Built target guidestereo
[ 66%] Built target realsense
[ 83%] Built target guidestereo_node
[ 91%] [32mBuilding CXX object CMakeFiles/camera_RGBDT.dir/src/camera_RGBDT.cpp.o[0m
[100%] [32m[1mLinking CXX executable camera_RGBDT[0m
[100%] Built target camera_RGBDT
-- Install configuration: ""
-- Up-to-date: /home/pi/workspace/cap_ws/src/Camera_Capturer/install/camera_capturer/lib/camera_capturer/guidestereo_node
-- Up-to-date: /home/pi/workspace/cap_ws/src/Camera_Capturer/install/camera_capturer/share/ament_index/resource_index/package_run_dependencies/camera_capturer
-- Up-to-date: /home/pi/workspace/cap_ws/src/Camera_Capturer/install/camera_capturer/share/ament_index/resource_index/parent_prefix_path/camera_capturer
-- Up-to-date: /home/pi/workspace/cap_ws/src/Camera_Capturer/install/camera_capturer/share/camera_capturer/environment/ament_prefix_path.sh
-- Up-to-date: /home/pi/workspace/cap_ws/src/Camera_Capturer/install/camera_capturer/share/camera_capturer/environment/ament_prefix_path.dsv
-- Up-to-date: /home/pi/workspace/cap_ws/src/Camera_Capturer/install/camera_capturer/share/camera_capturer/environment/path.sh
-- Up-to-date: /home/pi/workspace/cap_ws/src/Camera_Capturer/install/camera_capturer/share/camera_capturer/environment/path.dsv
-- Up-to-date: /home/pi/workspace/cap_ws/src/Camera_Capturer/install/camera_capturer/share/camera_capturer/local_setup.bash
-- Up-to-date: /home/pi/workspace/cap_ws/src/Camera_Capturer/install/camera_capturer/share/camera_capturer/local_setup.sh
-- Up-to-date: /home/pi/workspace/cap_ws/src/Camera_Capturer/install/camera_capturer/share/camera_capturer/local_setup.zsh
-- Up-to-date: /home/pi/workspace/cap_ws/src/Camera_Capturer/install/camera_capturer/share/camera_capturer/local_setup.dsv
-- Installing: /home/pi/workspace/cap_ws/src/Camera_Capturer/install/camera_capturer/share/camera_capturer/package.dsv
-- Up-to-date: /home/pi/workspace/cap_ws/src/Camera_Capturer/install/camera_capturer/share/ament_index/resource_index/packages/camera_capturer
-- Up-to-date: /home/pi/workspace/cap_ws/src/Camera_Capturer/install/camera_capturer/share/camera_capturer/cmake/camera_capturerConfig.cmake
-- Up-to-date: /home/pi/workspace/cap_ws/src/Camera_Capturer/install/camera_capturer/share/camera_capturer/cmake/camera_capturerConfig-version.cmake
-- Up-to-date: /home/pi/workspace/cap_ws/src/Camera_Capturer/install/camera_capturer/share/camera_capturer/package.xml
