-- ROS2 detected
-- Found rclcpp: 16.0.17 (/opt/ros/humble/share/rclcpp/cmake)
-- Found rosidl_generator_c: 3.1.8 (/opt/ros/humble/share/rosidl_generator_c/cmake)
-- Found rosidl_adapter: 3.1.8 (/opt/ros/humble/share/rosidl_adapter/cmake)
-- Found rosidl_generator_cpp: 3.1.8 (/opt/ros/humble/share/rosidl_generator_cpp/cmake)
-- Using all available rosidl_typesupport_c: rosidl_typesupport_fastrtps_c;rosidl_typesupport_introspection_c
-- Using all available rosidl_typesupport_cpp: rosidl_typesupport_fastrtps_cpp;rosidl_typesupport_introspection_cpp
-- Found rmw_implementation_cmake: 6.1.2 (/opt/ros/humble/share/rmw_implementation_cmake/cmake)
-- Found rmw_fastrtps_cpp: 6.2.9 (/opt/ros/humble/share/rmw_fastrtps_cpp/cmake)
-- Using RMW implementation 'rmw_fastrtps_cpp' as default
-- Found sensor_msgs: 4.9.0 (/opt/ros/humble/share/sensor_msgs/cmake)
-- Found cv_bridge: 3.2.1 (/opt/ros/humble/share/cv_bridge/cmake)
-- Configuring done
-- Generating done
-- Build files have been written to: /home/pi/workspace/cap_ws/src/Camera_Capturer/build/camera_capturer
[35m[1mConsolidate compiler generated dependencies of target guidemono[0m
[35m[1mConsolidate compiler generated dependencies of target guidestereo[0m
[35m[1mConsolidate compiler generated dependencies of target realsense[0m
[35m[1mConsolidate compiler generated dependencies of target realsense_imu_test[0m
[35m[1mConsolidate compiler generated dependencies of target camera_RGBDT[0m
[35m[1mConsolidate compiler generated dependencies of target guidestereo_node[0m
[  8%] [32mBuilding CXX object CMakeFiles/realsense_imu_test.dir/src/realsense_imu_test.cpp.o[0m
[ 25%] Built target guidemono
[ 58%] Built target realsense
[ 58%] Built target guidestereo
[ 91%] Built target guidestereo_node
[ 91%] Built target camera_RGBDT
[01m[K/home/pi/workspace/cap_ws/src/Camera_Capturer/src/realsense_imu_test.cpp:28:10:[m[K [01;31m[Kfatal error: [m[Krclcpp/rclcpp.hpp: No such file or directory
   28 | #include [01;31m[K<rclcpp/rclcpp.hpp>[m[K
      |          [01;31m[K^~~~~~~~~~[m[K
compilation terminated.
gmake[2]: *** [CMakeFiles/realsense_imu_test.dir/build.make:76: CMakeFiles/realsense_imu_test.dir/src/realsense_imu_test.cpp.o] Error 1
gmake[1]: *** [CMakeFiles/Makefile2:173: CMakeFiles/realsense_imu_test.dir/all] Error 2
gmake: *** [Makefile:146: all] Error 2
