[0.175s] DEBUG:colcon:Command line arguments: ['/usr/bin/colcon', 'build']
[0.175s] DEBUG:colcon:Parsed command line arguments: Namespace(log_base=None, log_level=None, verb_name='build', build_base='build', install_base='install', merge_install=False, symlink_install=False, test_result_base=None, continue_on_error=False, executor='parallel', parallel_workers=12, event_handlers=None, ignore_user_meta=False, metas=['./colcon.meta'], base_paths=['.'], packages_ignore=None, packages_ignore_regex=None, paths=None, packages_up_to=None, packages_up_to_regex=None, packages_above=None, packages_above_and_dependencies=None, packages_above_depth=None, packages_select_by_dep=None, packages_skip_by_dep=None, packages_skip_up_to=None, packages_select_build_failed=False, packages_skip_build_finished=False, packages_select_test_failures=False, packages_skip_test_passed=False, packages_select=None, packages_skip=None, packages_select_regex=None, packages_skip_regex=None, packages_start=None, packages_end=None, allow_overriding=[], cmake_args=None, cmake_target=None, cmake_target_skip_unavailable=False, cmake_clean_cache=False, cmake_clean_first=False, cmake_force_configure=False, ament_cmake_args=None, catkin_cmake_args=None, catkin_skip_building_tests=False, verb_parser=<colcon_defaults.argument_parser.defaults.DefaultArgumentsDecorator object at 0xffff83ff4e20>, verb_extension=<colcon_core.verb.build.BuildVerb object at 0xffff83ff4910>, main=<bound method BuildVerb.main of <colcon_core.verb.build.BuildVerb object at 0xffff83ff4910>>)
[0.432s] Level 1:colcon.colcon_core.package_discovery:discover_packages(colcon_meta) check parameters
[0.432s] Level 1:colcon.colcon_core.package_discovery:discover_packages(recursive) check parameters
[0.432s] Level 1:colcon.colcon_core.package_discovery:discover_packages(ignore) check parameters
[0.432s] Level 1:colcon.colcon_core.package_discovery:discover_packages(path) check parameters
[0.432s] Level 1:colcon.colcon_core.package_discovery:discover_packages(colcon_meta) discover
[0.432s] Level 1:colcon.colcon_core.package_discovery:discover_packages(recursive) discover
[0.432s] INFO:colcon.colcon_core.package_discovery:Crawling recursively for packages in '/home/pi/workspace/cap_ws/src/Camera_Capturer'
[0.432s] Level 1:colcon.colcon_core.package_identification:_identify(.) by extensions ['ignore', 'ignore_ament_install']
[0.433s] Level 1:colcon.colcon_core.package_identification:_identify(.) by extension 'ignore'
[0.433s] Level 1:colcon.colcon_core.package_identification:_identify(.) by extension 'ignore_ament_install'
[0.433s] Level 1:colcon.colcon_core.package_identification:_identify(.) by extensions ['colcon_pkg']
[0.433s] Level 1:colcon.colcon_core.package_identification:_identify(.) by extension 'colcon_pkg'
[0.433s] Level 1:colcon.colcon_core.package_identification:_identify(.) by extensions ['colcon_meta']
[0.433s] Level 1:colcon.colcon_core.package_identification:_identify(.) by extension 'colcon_meta'
[0.433s] Level 1:colcon.colcon_core.package_identification:_identify(.) by extensions ['ros']
[0.433s] Level 1:colcon.colcon_core.package_identification:_identify(.) by extension 'ros'
[0.455s] DEBUG:colcon.colcon_core.package_identification:Package '.' with type 'ros.ament_cmake' and name 'camera_capturer'
[0.455s] Level 1:colcon.colcon_core.package_discovery:discover_packages(recursive) using defaults
[0.455s] Level 1:colcon.colcon_core.package_discovery:discover_packages(ignore) discover
[0.455s] Level 1:colcon.colcon_core.package_discovery:discover_packages(ignore) using defaults
[0.455s] Level 1:colcon.colcon_core.package_discovery:discover_packages(path) discover
[0.455s] Level 1:colcon.colcon_core.package_discovery:discover_packages(path) using defaults
[0.487s] Level 1:colcon.colcon_core.package_discovery:discover_packages(prefix_path) check parameters
[0.487s] Level 1:colcon.colcon_core.package_discovery:discover_packages(prefix_path) discover
[0.513s] DEBUG:colcon.colcon_installed_package_information.package_discovery:Found 2 installed packages in /data/workspace/ws_livox/install
[0.514s] DEBUG:colcon.colcon_installed_package_information.package_discovery:Found 1 installed packages in /data/workspace/fast_lio/install
[0.516s] DEBUG:colcon.colcon_installed_package_information.package_discovery:Found 333 installed packages in /opt/ros/humble
[0.519s] Level 1:colcon.colcon_core.package_discovery:discover_packages(prefix_path) using defaults
[0.583s] Level 5:colcon.colcon_core.verb:set package 'camera_capturer' build argument 'cmake_args' from command line to 'None'
[0.584s] Level 5:colcon.colcon_core.verb:set package 'camera_capturer' build argument 'cmake_target' from command line to 'None'
[0.584s] Level 5:colcon.colcon_core.verb:set package 'camera_capturer' build argument 'cmake_target_skip_unavailable' from command line to 'False'
[0.584s] Level 5:colcon.colcon_core.verb:set package 'camera_capturer' build argument 'cmake_clean_cache' from command line to 'False'
[0.584s] Level 5:colcon.colcon_core.verb:set package 'camera_capturer' build argument 'cmake_clean_first' from command line to 'False'
[0.584s] Level 5:colcon.colcon_core.verb:set package 'camera_capturer' build argument 'cmake_force_configure' from command line to 'False'
[0.584s] Level 5:colcon.colcon_core.verb:set package 'camera_capturer' build argument 'ament_cmake_args' from command line to 'None'
[0.584s] Level 5:colcon.colcon_core.verb:set package 'camera_capturer' build argument 'catkin_cmake_args' from command line to 'None'
[0.584s] Level 5:colcon.colcon_core.verb:set package 'camera_capturer' build argument 'catkin_skip_building_tests' from command line to 'False'
[0.584s] DEBUG:colcon.colcon_core.verb:Building package 'camera_capturer' with the following arguments: {'ament_cmake_args': None, 'build_base': '/home/pi/workspace/cap_ws/src/Camera_Capturer/build/camera_capturer', 'catkin_cmake_args': None, 'catkin_skip_building_tests': False, 'cmake_args': None, 'cmake_clean_cache': False, 'cmake_clean_first': False, 'cmake_force_configure': False, 'cmake_target': None, 'cmake_target_skip_unavailable': False, 'install_base': '/home/pi/workspace/cap_ws/src/Camera_Capturer/install/camera_capturer', 'merge_install': False, 'path': '/home/pi/workspace/cap_ws/src/Camera_Capturer', 'symlink_install': False, 'test_result_base': None}
[0.584s] INFO:colcon.colcon_core.executor:Executing jobs using 'parallel' executor
[0.586s] DEBUG:colcon.colcon_parallel_executor.executor.parallel:run_until_complete
[0.586s] INFO:colcon.colcon_ros.task.ament_cmake.build:Building ROS package in '/home/pi/workspace/cap_ws/src/Camera_Capturer' with build type 'ament_cmake'
[0.587s] INFO:colcon.colcon_cmake.task.cmake.build:Building CMake package in '/home/pi/workspace/cap_ws/src/Camera_Capturer'
[0.590s] INFO:colcon.colcon_core.plugin_system:Skipping extension 'colcon_core.shell.bat': Not used on non-Windows systems
[0.590s] INFO:colcon.colcon_core.shell:Skip shell extension 'powershell' for command environment: Not usable outside of PowerShell
[0.590s] DEBUG:colcon.colcon_core.shell:Skip shell extension 'dsv' for command environment
[0.602s] DEBUG:colcon.colcon_core.event_handler.log_command:Invoking command in '/home/pi/workspace/cap_ws/src/Camera_Capturer/build/camera_capturer': CMAKE_PREFIX_PATH=${CMAKE_PREFIX_PATH}:/opt/ros/humble /usr/bin/cmake --build /home/pi/workspace/cap_ws/src/Camera_Capturer/build/camera_capturer -- -j12 -l12
[20.996s] DEBUG:colcon.colcon_core.event_handler.log_command:Invoked command in '/home/pi/workspace/cap_ws/src/Camera_Capturer/build/camera_capturer' returned '0': CMAKE_PREFIX_PATH=${CMAKE_PREFIX_PATH}:/opt/ros/humble /usr/bin/cmake --build /home/pi/workspace/cap_ws/src/Camera_Capturer/build/camera_capturer -- -j12 -l12
[21.017s] DEBUG:colcon.colcon_core.event_handler.log_command:Invoking command in '/home/pi/workspace/cap_ws/src/Camera_Capturer/build/camera_capturer': CMAKE_PREFIX_PATH=${CMAKE_PREFIX_PATH}:/opt/ros/humble /usr/bin/cmake --install /home/pi/workspace/cap_ws/src/Camera_Capturer/build/camera_capturer
[21.036s] Level 1:colcon.colcon_core.environment:create_environment_scripts_only(camera_capturer)
[21.039s] DEBUG:colcon.colcon_core.event_handler.log_command:Invoked command in '/home/pi/workspace/cap_ws/src/Camera_Capturer/build/camera_capturer' returned '0': CMAKE_PREFIX_PATH=${CMAKE_PREFIX_PATH}:/opt/ros/humble /usr/bin/cmake --install /home/pi/workspace/cap_ws/src/Camera_Capturer/build/camera_capturer
[21.044s] Level 1:colcon.colcon_core.environment:checking '/home/pi/workspace/cap_ws/src/Camera_Capturer/install/camera_capturer' for CMake module files
[21.046s] Level 1:colcon.colcon_core.environment:checking '/home/pi/workspace/cap_ws/src/Camera_Capturer/install/camera_capturer' for CMake config files
[21.047s] Level 1:colcon.colcon_core.shell:create_environment_hook('camera_capturer', 'cmake_prefix_path')
[21.047s] INFO:colcon.colcon_core.shell:Creating environment hook '/home/pi/workspace/cap_ws/src/Camera_Capturer/install/camera_capturer/share/camera_capturer/hook/cmake_prefix_path.ps1'
[21.049s] INFO:colcon.colcon_core.shell:Creating environment descriptor '/home/pi/workspace/cap_ws/src/Camera_Capturer/install/camera_capturer/share/camera_capturer/hook/cmake_prefix_path.dsv'
[21.050s] INFO:colcon.colcon_core.shell:Creating environment hook '/home/pi/workspace/cap_ws/src/Camera_Capturer/install/camera_capturer/share/camera_capturer/hook/cmake_prefix_path.sh'
[21.053s] Level 1:colcon.colcon_core.environment:checking '/home/pi/workspace/cap_ws/src/Camera_Capturer/install/camera_capturer/lib'
[21.054s] Level 1:colcon.colcon_core.environment:checking '/home/pi/workspace/cap_ws/src/Camera_Capturer/install/camera_capturer/bin'
[21.054s] Level 1:colcon.colcon_core.environment:checking '/home/pi/workspace/cap_ws/src/Camera_Capturer/install/camera_capturer/lib/pkgconfig/camera_capturer.pc'
[21.055s] Level 1:colcon.colcon_core.environment:checking '/home/pi/workspace/cap_ws/src/Camera_Capturer/install/camera_capturer/lib/python3.10/site-packages'
[21.056s] Level 1:colcon.colcon_core.environment:checking '/home/pi/workspace/cap_ws/src/Camera_Capturer/install/camera_capturer/bin'
[21.057s] INFO:colcon.colcon_core.shell:Creating package script '/home/pi/workspace/cap_ws/src/Camera_Capturer/install/camera_capturer/share/camera_capturer/package.ps1'
[21.060s] INFO:colcon.colcon_core.shell:Creating package descriptor '/home/pi/workspace/cap_ws/src/Camera_Capturer/install/camera_capturer/share/camera_capturer/package.dsv'
[21.060s] INFO:colcon.colcon_core.shell:Creating package script '/home/pi/workspace/cap_ws/src/Camera_Capturer/install/camera_capturer/share/camera_capturer/package.sh'
[21.062s] INFO:colcon.colcon_core.shell:Creating package script '/home/pi/workspace/cap_ws/src/Camera_Capturer/install/camera_capturer/share/camera_capturer/package.bash'
[21.064s] INFO:colcon.colcon_core.shell:Creating package script '/home/pi/workspace/cap_ws/src/Camera_Capturer/install/camera_capturer/share/camera_capturer/package.zsh'
[21.065s] Level 1:colcon.colcon_core.environment:create_file_with_runtime_dependencies(/home/pi/workspace/cap_ws/src/Camera_Capturer/install/camera_capturer/share/colcon-core/packages/camera_capturer)
[21.066s] Level 1:colcon.colcon_core.environment:create_environment_scripts_only(camera_capturer)
[21.066s] Level 1:colcon.colcon_core.environment:checking '/home/pi/workspace/cap_ws/src/Camera_Capturer/install/camera_capturer' for CMake module files
[21.068s] Level 1:colcon.colcon_core.environment:checking '/home/pi/workspace/cap_ws/src/Camera_Capturer/install/camera_capturer' for CMake config files
[21.069s] Level 1:colcon.colcon_core.shell:create_environment_hook('camera_capturer', 'cmake_prefix_path')
[21.070s] INFO:colcon.colcon_core.shell:Creating environment hook '/home/pi/workspace/cap_ws/src/Camera_Capturer/install/camera_capturer/share/camera_capturer/hook/cmake_prefix_path.ps1'
[21.071s] INFO:colcon.colcon_core.shell:Creating environment descriptor '/home/pi/workspace/cap_ws/src/Camera_Capturer/install/camera_capturer/share/camera_capturer/hook/cmake_prefix_path.dsv'
[21.073s] INFO:colcon.colcon_core.shell:Creating environment hook '/home/pi/workspace/cap_ws/src/Camera_Capturer/install/camera_capturer/share/camera_capturer/hook/cmake_prefix_path.sh'
[21.075s] Level 1:colcon.colcon_core.environment:checking '/home/pi/workspace/cap_ws/src/Camera_Capturer/install/camera_capturer/lib'
[21.075s] Level 1:colcon.colcon_core.environment:checking '/home/pi/workspace/cap_ws/src/Camera_Capturer/install/camera_capturer/bin'
[21.075s] Level 1:colcon.colcon_core.environment:checking '/home/pi/workspace/cap_ws/src/Camera_Capturer/install/camera_capturer/lib/pkgconfig/camera_capturer.pc'
[21.076s] Level 1:colcon.colcon_core.environment:checking '/home/pi/workspace/cap_ws/src/Camera_Capturer/install/camera_capturer/lib/python3.10/site-packages'
[21.077s] Level 1:colcon.colcon_core.environment:checking '/home/pi/workspace/cap_ws/src/Camera_Capturer/install/camera_capturer/bin'
[21.077s] INFO:colcon.colcon_core.shell:Creating package script '/home/pi/workspace/cap_ws/src/Camera_Capturer/install/camera_capturer/share/camera_capturer/package.ps1'
[21.078s] INFO:colcon.colcon_core.shell:Creating package descriptor '/home/pi/workspace/cap_ws/src/Camera_Capturer/install/camera_capturer/share/camera_capturer/package.dsv'
[21.080s] INFO:colcon.colcon_core.shell:Creating package script '/home/pi/workspace/cap_ws/src/Camera_Capturer/install/camera_capturer/share/camera_capturer/package.sh'
[21.081s] INFO:colcon.colcon_core.shell:Creating package script '/home/pi/workspace/cap_ws/src/Camera_Capturer/install/camera_capturer/share/camera_capturer/package.bash'
[21.082s] INFO:colcon.colcon_core.shell:Creating package script '/home/pi/workspace/cap_ws/src/Camera_Capturer/install/camera_capturer/share/camera_capturer/package.zsh'
[21.082s] Level 1:colcon.colcon_core.environment:create_file_with_runtime_dependencies(/home/pi/workspace/cap_ws/src/Camera_Capturer/install/camera_capturer/share/colcon-core/packages/camera_capturer)
[21.083s] DEBUG:colcon.colcon_parallel_executor.executor.parallel:closing loop
[21.083s] DEBUG:colcon.colcon_parallel_executor.executor.parallel:loop closed
[21.084s] DEBUG:colcon.colcon_parallel_executor.executor.parallel:run_until_complete finished with '0'
[21.084s] DEBUG:colcon.colcon_core.event_reactor:joining thread
[21.103s] INFO:colcon.colcon_core.plugin_system:Skipping extension 'colcon_notification.desktop_notification.terminal_notifier': Not used on non-Darwin systems
[21.103s] INFO:colcon.colcon_core.plugin_system:Skipping extension 'colcon_notification.desktop_notification.win32': Not used on non-Windows systems
[21.104s] INFO:colcon.colcon_notification.desktop_notification:Sending desktop notification using 'notify2'
[21.146s] DEBUG:colcon.colcon_core.event_reactor:joined thread
[21.147s] INFO:colcon.colcon_core.shell:Creating prefix script '/home/pi/workspace/cap_ws/src/Camera_Capturer/install/local_setup.ps1'
[21.149s] INFO:colcon.colcon_core.shell:Creating prefix util module '/home/pi/workspace/cap_ws/src/Camera_Capturer/install/_local_setup_util_ps1.py'
[21.153s] INFO:colcon.colcon_core.shell:Creating prefix chain script '/home/pi/workspace/cap_ws/src/Camera_Capturer/install/setup.ps1'
[21.155s] INFO:colcon.colcon_core.shell:Creating prefix script '/home/pi/workspace/cap_ws/src/Camera_Capturer/install/local_setup.sh'
[21.157s] INFO:colcon.colcon_core.shell:Creating prefix util module '/home/pi/workspace/cap_ws/src/Camera_Capturer/install/_local_setup_util_sh.py'
[21.158s] INFO:colcon.colcon_core.shell:Creating prefix chain script '/home/pi/workspace/cap_ws/src/Camera_Capturer/install/setup.sh'
[21.161s] INFO:colcon.colcon_core.shell:Creating prefix script '/home/pi/workspace/cap_ws/src/Camera_Capturer/install/local_setup.bash'
[21.162s] INFO:colcon.colcon_core.shell:Creating prefix chain script '/home/pi/workspace/cap_ws/src/Camera_Capturer/install/setup.bash'
[21.165s] INFO:colcon.colcon_core.shell:Creating prefix script '/home/pi/workspace/cap_ws/src/Camera_Capturer/install/local_setup.zsh'
[21.166s] INFO:colcon.colcon_core.shell:Creating prefix chain script '/home/pi/workspace/cap_ws/src/Camera_Capturer/install/setup.zsh'
