[0.015s] Invoking command in '/home/pi/workspace/cap_ws/src/Camera_Capturer/build/camera_capturer': CMAKE_PREFIX_PATH=${CMAKE_PREFIX_PATH}:/opt/ros/humble /usr/bin/cmake --build /home/pi/workspace/cap_ws/src/Camera_Capturer/build/camera_capturer -- -j12 -l12
[0.077s] [35m[1mConsolidate compiler generated dependencies of target realsense[0m
[0.077s] [35m[1mConsolidate compiler generated dependencies of target guidestereo[0m
[0.078s] [35m[1mConsolidate compiler generated dependencies of target guidemono[0m
[0.080s] [35m[1mConsolidate compiler generated dependencies of target guidestereo_node[0m
[0.082s] [35m[1mConsolidate compiler generated dependencies of target realsense_imu_test[0m
[0.085s] [35m[1mConsolidate compiler generated dependencies of target camera_RGBDT[0m
[0.107s] [ 16%] Built target guidestereo
[0.108s] [ 33%] Built target realsense_imu_test
[0.110s] [ 66%] Built target guidemono
[0.110s] [ 66%] Built target realsense
[0.119s] [ 75%] [32mBuilding CXX object CMakeFiles/camera_RGBDT.dir/src/camera_RGBDT.cpp.o[0m
[0.119s] [ 91%] Built target guidestereo_node
[19.274s] [100%] [32m[1mLinking CXX executable camera_RGBDT[0m
[20.386s] [100%] Built target camera_RGBDT
[20.409s] Invoked command in '/home/pi/workspace/cap_ws/src/Camera_Capturer/build/camera_capturer' returned '0': CMAKE_PREFIX_PATH=${CMAKE_PREFIX_PATH}:/opt/ros/humble /usr/bin/cmake --build /home/pi/workspace/cap_ws/src/Camera_Capturer/build/camera_capturer -- -j12 -l12
[20.429s] Invoking command in '/home/pi/workspace/cap_ws/src/Camera_Capturer/build/camera_capturer': CMAKE_PREFIX_PATH=${CMAKE_PREFIX_PATH}:/opt/ros/humble /usr/bin/cmake --install /home/pi/workspace/cap_ws/src/Camera_Capturer/build/camera_capturer
[20.442s] -- Install configuration: ""
[20.443s] -- Up-to-date: /home/pi/workspace/cap_ws/src/Camera_Capturer/install/camera_capturer/lib/camera_capturer/guidestereo_node
[20.444s] -- Up-to-date: /home/pi/workspace/cap_ws/src/Camera_Capturer/install/camera_capturer/share/ament_index/resource_index/package_run_dependencies/camera_capturer
[20.444s] -- Up-to-date: /home/pi/workspace/cap_ws/src/Camera_Capturer/install/camera_capturer/share/ament_index/resource_index/parent_prefix_path/camera_capturer
[20.445s] -- Up-to-date: /home/pi/workspace/cap_ws/src/Camera_Capturer/install/camera_capturer/share/camera_capturer/environment/ament_prefix_path.sh
[20.445s] -- Up-to-date: /home/pi/workspace/cap_ws/src/Camera_Capturer/install/camera_capturer/share/camera_capturer/environment/ament_prefix_path.dsv
[20.445s] -- Up-to-date: /home/pi/workspace/cap_ws/src/Camera_Capturer/install/camera_capturer/share/camera_capturer/environment/path.sh
[20.446s] -- Up-to-date: /home/pi/workspace/cap_ws/src/Camera_Capturer/install/camera_capturer/share/camera_capturer/environment/path.dsv
[20.446s] -- Up-to-date: /home/pi/workspace/cap_ws/src/Camera_Capturer/install/camera_capturer/share/camera_capturer/local_setup.bash
[20.446s] -- Up-to-date: /home/pi/workspace/cap_ws/src/Camera_Capturer/install/camera_capturer/share/camera_capturer/local_setup.sh
[20.446s] -- Up-to-date: /home/pi/workspace/cap_ws/src/Camera_Capturer/install/camera_capturer/share/camera_capturer/local_setup.zsh
[20.447s] -- Up-to-date: /home/pi/workspace/cap_ws/src/Camera_Capturer/install/camera_capturer/share/camera_capturer/local_setup.dsv
[20.447s] -- Installing: /home/pi/workspace/cap_ws/src/Camera_Capturer/install/camera_capturer/share/camera_capturer/package.dsv
[20.447s] -- Up-to-date: /home/pi/workspace/cap_ws/src/Camera_Capturer/install/camera_capturer/share/ament_index/resource_index/packages/camera_capturer
[20.448s] -- Up-to-date: /home/pi/workspace/cap_ws/src/Camera_Capturer/install/camera_capturer/share/camera_capturer/cmake/camera_capturerConfig.cmake
[20.450s] -- Up-to-date: /home/pi/workspace/cap_ws/src/Camera_Capturer/install/camera_capturer/share/camera_capturer/cmake/camera_capturerConfig-version.cmake
[20.451s] -- Up-to-date: /home/pi/workspace/cap_ws/src/Camera_Capturer/install/camera_capturer/share/camera_capturer/package.xml
[20.452s] Invoked command in '/home/pi/workspace/cap_ws/src/Camera_Capturer/build/camera_capturer' returned '0': CMAKE_PREFIX_PATH=${CMAKE_PREFIX_PATH}:/opt/ros/humble /usr/bin/cmake --install /home/pi/workspace/cap_ws/src/Camera_Capturer/build/camera_capturer
