[0.016s] Invoking command in '/home/pi/workspace/cap_ws/src/Camera_Capturer/build/camera_capturer': CMAKE_PREFIX_PATH=${CMAKE_PREFIX_PATH}:/opt/ros/humble /usr/bin/cmake --build /home/pi/workspace/cap_ws/src/Camera_Capturer/build/camera_capturer -- -j12 -l12
[0.082s] [35m[1mConsolidate compiler generated dependencies of target camera_RGBDT[0m
[0.096s] [ 25%] Built target realsense_imu_test
[0.097s] [ 33%] Built target guidemono
[0.097s] [ 50%] Built target guidestereo
[0.099s] [ 66%] Built target realsense
[0.106s] [ 83%] Built target guidestereo_node
[0.115s] [100%] Built target camera_RGBDT
[0.134s] Invoked command in '/home/pi/workspace/cap_ws/src/Camera_Capturer/build/camera_capturer' returned '0': CMAKE_PREFIX_PATH=${CMAKE_PREFIX_PATH}:/opt/ros/humble /usr/bin/cmake --build /home/pi/workspace/cap_ws/src/Camera_Capturer/build/camera_capturer -- -j12 -l12
[0.154s] Invoking command in '/home/pi/workspace/cap_ws/src/Camera_Capturer/build/camera_capturer': CMAKE_PREFIX_PATH=${CMAKE_PREFIX_PATH}:/opt/ros/humble /usr/bin/cmake --install /home/pi/workspace/cap_ws/src/Camera_Capturer/build/camera_capturer
[0.167s] -- Install configuration: ""
[0.168s] -- Up-to-date: /home/pi/workspace/cap_ws/src/Camera_Capturer/install/camera_capturer/lib/camera_capturer/guidestereo_node
[0.168s] -- Up-to-date: /home/pi/workspace/cap_ws/src/Camera_Capturer/install/camera_capturer/share/ament_index/resource_index/package_run_dependencies/camera_capturer
[0.169s] -- Up-to-date: /home/pi/workspace/cap_ws/src/Camera_Capturer/install/camera_capturer/share/ament_index/resource_index/parent_prefix_path/camera_capturer
[0.169s] -- Up-to-date: /home/pi/workspace/cap_ws/src/Camera_Capturer/install/camera_capturer/share/camera_capturer/environment/ament_prefix_path.sh
[0.169s] -- Up-to-date: /home/pi/workspace/cap_ws/src/Camera_Capturer/install/camera_capturer/share/camera_capturer/environment/ament_prefix_path.dsv
[0.170s] -- Up-to-date: /home/pi/workspace/cap_ws/src/Camera_Capturer/install/camera_capturer/share/camera_capturer/environment/path.sh
[0.170s] -- Up-to-date: /home/pi/workspace/cap_ws/src/Camera_Capturer/install/camera_capturer/share/camera_capturer/environment/path.dsv
[0.170s] -- Up-to-date: /home/pi/workspace/cap_ws/src/Camera_Capturer/install/camera_capturer/share/camera_capturer/local_setup.bash
[0.170s] -- Up-to-date: /home/pi/workspace/cap_ws/src/Camera_Capturer/install/camera_capturer/share/camera_capturer/local_setup.sh
[0.170s] -- Up-to-date: /home/pi/workspace/cap_ws/src/Camera_Capturer/install/camera_capturer/share/camera_capturer/local_setup.zsh
[0.170s] -- Up-to-date: /home/pi/workspace/cap_ws/src/Camera_Capturer/install/camera_capturer/share/camera_capturer/local_setup.dsv
[0.170s] -- Installing: /home/pi/workspace/cap_ws/src/Camera_Capturer/install/camera_capturer/share/camera_capturer/package.dsv
[0.171s] -- Up-to-date: /home/pi/workspace/cap_ws/src/Camera_Capturer/install/camera_capturer/share/ament_index/resource_index/packages/camera_capturer
[0.171s] -- Up-to-date: /home/pi/workspace/cap_ws/src/Camera_Capturer/install/camera_capturer/share/camera_capturer/cmake/camera_capturerConfig.cmake
[0.171s] -- Up-to-date: /home/pi/workspace/cap_ws/src/Camera_Capturer/install/camera_capturer/share/camera_capturer/cmake/camera_capturerConfig-version.cmake
[0.171s] -- Up-to-date: /home/pi/workspace/cap_ws/src/Camera_Capturer/install/camera_capturer/share/camera_capturer/package.xml
[0.175s] Invoked command in '/home/pi/workspace/cap_ws/src/Camera_Capturer/build/camera_capturer' returned '0': CMAKE_PREFIX_PATH=${CMAKE_PREFIX_PATH}:/opt/ros/humble /usr/bin/cmake --install /home/pi/workspace/cap_ws/src/Camera_Capturer/build/camera_capturer
